{"/Users/einfochips/Desktop/SingtelApp/src/components/common/ButtonClickable.js": {"path":"/Users/einfochips/Desktop/SingtelApp/src/components/common/ButtonClickable.js","statementMap":{"0":{"start":{"line":4,"column":27},"end":{"line":21,"column":1}},"1":{"start":{"line":5,"column":56},"end":{"line":5,"column":62}},"2":{"start":{"line":7,"column":49},"end":{"line":7,"column":63}},"3":{"start":{"line":9,"column":2},"end":{"line":20,"column":4}},"4":{"start":{"line":23,"column":31},"end":{"line":35,"column":1}},"5":{"start":{"line":24,"column":56},"end":{"line":24,"column":62}},"6":{"start":{"line":26,"column":49},"end":{"line":26,"column":63}},"7":{"start":{"line":28,"column":2},"end":{"line":34,"column":4}},"8":{"start":{"line":37,"column":24},"end":{"line":43,"column":1}},"9":{"start":{"line":38,"column":2},"end":{"line":42,"column":4}},"10":{"start":{"line":45,"column":15},"end":{"line":66,"column":1}}},"fnMap":{"0":{"name":"(anonymous_0)","decl":{"start":{"line":4,"column":27},"end":{"line":4,"column":28}},"loc":{"start":{"line":4,"column":39},"end":{"line":21,"column":1}},"line":4},"1":{"name":"(anonymous_1)","decl":{"start":{"line":23,"column":31},"end":{"line":23,"column":32}},"loc":{"start":{"line":23,"column":43},"end":{"line":35,"column":1}},"line":23},"2":{"name":"(anonymous_2)","decl":{"start":{"line":37,"column":24},"end":{"line":37,"column":25}},"loc":{"start":{"line":37,"column":36},"end":{"line":43,"column":1}},"line":37}},"branchMap":{"0":{"loc":{"start":{"line":38,"column":9},"end":{"line":42,"column":3}},"type":"cond-expr","locations":[{"start":{"line":39,"column":4},"end":{"line":39,"column":47}},{"start":{"line":41,"column":4},"end":{"line":41,"column":43}}],"line":38}},"s":{"0":2,"1":10,"2":10,"3":10,"4":2,"5":1,"6":1,"7":1,"8":2,"9":11,"10":2},"f":{"0":10,"1":1,"2":11},"b":{"0":[1,10]},"_coverageSchema":"1a1c01bbd47fc00a2c39e90264f33305004495a9","hash":"e13f0e631bb8c869334c974fcf88ea2fc660dd88"}
,"/Users/einfochips/Desktop/SingtelApp/src/components/common/Card.js": {"path":"/Users/einfochips/Desktop/SingtelApp/src/components/common/Card.js","statementMap":{"0":{"start":{"line":6,"column":13},"end":{"line":19,"column":1}},"1":{"start":{"line":7,"column":2},"end":{"line":18,"column":4}},"2":{"start":{"line":21,"column":15},"end":{"line":44,"column":2}}},"fnMap":{"0":{"name":"(anonymous_0)","decl":{"start":{"line":6,"column":13},"end":{"line":6,"column":14}},"loc":{"start":{"line":6,"column":22},"end":{"line":19,"column":1}},"line":6}},"branchMap":{},"s":{"0":2,"1":27,"2":2},"f":{"0":27},"b":{},"_coverageSchema":"1a1c01bbd47fc00a2c39e90264f33305004495a9","hash":"4302719a1f3553dc40c4991a825faed12f602d79"}
,"/Users/einfochips/Desktop/SingtelApp/src/components/screens/Main.js": {"path":"/Users/einfochips/Desktop/SingtelApp/src/components/screens/Main.js","statementMap":{"0":{"start":{"line":6,"column":13},"end":{"line":120,"column":1}},"1":{"start":{"line":7,"column":27},"end":{"line":7,"column":49}},"2":{"start":{"line":8,"column":22},"end":{"line":8,"column":39}},"3":{"start":{"line":10,"column":24},"end":{"line":14,"column":3}},"4":{"start":{"line":11,"column":4},"end":{"line":13,"column":11}},"5":{"start":{"line":12,"column":6},"end":{"line":12,"column":49}},"6":{"start":{"line":16,"column":36},"end":{"line":16,"column":76}},"7":{"start":{"line":17,"column":18},"end":{"line":17,"column":65}},"8":{"start":{"line":17,"column":45},"end":{"line":17,"column":64}},"9":{"start":{"line":18,"column":41},"end":{"line":18,"column":58}},"10":{"start":{"line":19,"column":38},"end":{"line":19,"column":49}},"11":{"start":{"line":20,"column":50},"end":{"line":20,"column":62}},"12":{"start":{"line":21,"column":38},"end":{"line":21,"column":50}},"13":{"start":{"line":22,"column":28},"end":{"line":22,"column":39}},"14":{"start":{"line":24,"column":22},"end":{"line":43,"column":3}},"15":{"start":{"line":25,"column":19},"end":{"line":25,"column":24}},"16":{"start":{"line":26,"column":22},"end":{"line":26,"column":39}},"17":{"start":{"line":27,"column":4},"end":{"line":27,"column":46}},"18":{"start":{"line":28,"column":4},"end":{"line":28,"column":26}},"19":{"start":{"line":29,"column":4},"end":{"line":42,"column":5}},"20":{"start":{"line":30,"column":6},"end":{"line":30,"column":31}},"21":{"start":{"line":31,"column":6},"end":{"line":31,"column":43}},"22":{"start":{"line":31,"column":32},"end":{"line":31,"column":41}},"23":{"start":{"line":32,"column":6},"end":{"line":32,"column":36}},"24":{"start":{"line":33,"column":6},"end":{"line":41,"column":7}},"25":{"start":{"line":34,"column":8},"end":{"line":34,"column":25}},"26":{"start":{"line":35,"column":8},"end":{"line":35,"column":28}},"27":{"start":{"line":36,"column":24},"end":{"line":36,"column":44}},"28":{"start":{"line":37,"column":29},"end":{"line":37,"column":45}},"29":{"start":{"line":38,"column":8},"end":{"line":40,"column":16}},"30":{"start":{"line":39,"column":10},"end":{"line":39,"column":76}},"31":{"start":{"line":44,"column":2},"end":{"line":60,"column":18}},"32":{"start":{"line":45,"column":4},"end":{"line":58,"column":5}},"33":{"start":{"line":46,"column":6},"end":{"line":57,"column":8}},"34":{"start":{"line":53,"column":14},"end":{"line":53,"column":28}},"35":{"start":{"line":62,"column":22},"end":{"line":79,"column":3}},"36":{"start":{"line":63,"column":4},"end":{"line":78,"column":5}},"37":{"start":{"line":64,"column":23},"end":{"line":64,"column":43}},"38":{"start":{"line":65,"column":6},"end":{"line":65,"column":32}},"39":{"start":{"line":66,"column":6},"end":{"line":66,"column":32}},"40":{"start":{"line":67,"column":6},"end":{"line":67,"column":43}},"41":{"start":{"line":67,"column":32},"end":{"line":67,"column":41}},"42":{"start":{"line":68,"column":6},"end":{"line":70,"column":14}},"43":{"start":{"line":69,"column":8},"end":{"line":69,"column":33}},"44":{"start":{"line":72,"column":23},"end":{"line":72,"column":40}},"45":{"start":{"line":73,"column":6},"end":{"line":73,"column":32}},"46":{"start":{"line":74,"column":6},"end":{"line":74,"column":32}},"47":{"start":{"line":75,"column":6},"end":{"line":77,"column":14}},"48":{"start":{"line":76,"column":8},"end":{"line":76,"column":31}},"49":{"start":{"line":81,"column":22},"end":{"line":88,"column":3}},"50":{"start":{"line":82,"column":4},"end":{"line":82,"column":49}},"51":{"start":{"line":83,"column":4},"end":{"line":83,"column":28}},"52":{"start":{"line":84,"column":4},"end":{"line":84,"column":21}},"53":{"start":{"line":85,"column":4},"end":{"line":85,"column":28}},"54":{"start":{"line":86,"column":4},"end":{"line":86,"column":22}},"55":{"start":{"line":87,"column":4},"end":{"line":87,"column":16}},"56":{"start":{"line":90,"column":21},"end":{"line":92,"column":3}},"57":{"start":{"line":91,"column":4},"end":{"line":91,"column":73}},"58":{"start":{"line":91,"column":54},"end":{"line":91,"column":71}},"59":{"start":{"line":94,"column":2},"end":{"line":119,"column":4}},"60":{"start":{"line":100,"column":12},"end":{"line":106,"column":14}},"61":{"start":{"line":104,"column":29},"end":{"line":104,"column":56}},"62":{"start":{"line":113,"column":59},"end":{"line":113,"column":72}},"63":{"start":{"line":122,"column":15},"end":{"line":190,"column":2}}},"fnMap":{"0":{"name":"(anonymous_0)","decl":{"start":{"line":6,"column":13},"end":{"line":6,"column":14}},"loc":{"start":{"line":6,"column":22},"end":{"line":120,"column":1}},"line":6},"1":{"name":"(anonymous_1)","decl":{"start":{"line":10,"column":24},"end":{"line":10,"column":25}},"loc":{"start":{"line":10,"column":30},"end":{"line":14,"column":3}},"line":10},"2":{"name":"(anonymous_2)","decl":{"start":{"line":11,"column":35},"end":{"line":11,"column":36}},"loc":{"start":{"line":11,"column":72},"end":{"line":13,"column":5}},"line":11},"3":{"name":"(anonymous_3)","decl":{"start":{"line":17,"column":39},"end":{"line":17,"column":40}},"loc":{"start":{"line":17,"column":45},"end":{"line":17,"column":64}},"line":17},"4":{"name":"(anonymous_4)","decl":{"start":{"line":24,"column":22},"end":{"line":24,"column":23}},"loc":{"start":{"line":24,"column":42},"end":{"line":43,"column":3}},"line":24},"5":{"name":"(anonymous_5)","decl":{"start":{"line":31,"column":19},"end":{"line":31,"column":20}},"loc":{"start":{"line":31,"column":32},"end":{"line":31,"column":41}},"line":31},"6":{"name":"(anonymous_6)","decl":{"start":{"line":38,"column":19},"end":{"line":38,"column":20}},"loc":{"start":{"line":38,"column":25},"end":{"line":40,"column":9}},"line":38},"7":{"name":"(anonymous_7)","decl":{"start":{"line":44,"column":12},"end":{"line":44,"column":13}},"loc":{"start":{"line":44,"column":18},"end":{"line":60,"column":3}},"line":44},"8":{"name":"(anonymous_8)","decl":{"start":{"line":52,"column":21},"end":{"line":52,"column":22}},"loc":{"start":{"line":52,"column":27},"end":{"line":54,"column":13}},"line":52},"9":{"name":"(anonymous_9)","decl":{"start":{"line":62,"column":22},"end":{"line":62,"column":23}},"loc":{"start":{"line":62,"column":69},"end":{"line":79,"column":3}},"line":62},"10":{"name":"(anonymous_10)","decl":{"start":{"line":67,"column":19},"end":{"line":67,"column":20}},"loc":{"start":{"line":67,"column":32},"end":{"line":67,"column":41}},"line":67},"11":{"name":"(anonymous_11)","decl":{"start":{"line":68,"column":17},"end":{"line":68,"column":18}},"loc":{"start":{"line":68,"column":23},"end":{"line":70,"column":7}},"line":68},"12":{"name":"(anonymous_12)","decl":{"start":{"line":75,"column":17},"end":{"line":75,"column":18}},"loc":{"start":{"line":75,"column":23},"end":{"line":77,"column":7}},"line":75},"13":{"name":"(anonymous_13)","decl":{"start":{"line":81,"column":22},"end":{"line":81,"column":23}},"loc":{"start":{"line":81,"column":28},"end":{"line":88,"column":3}},"line":81},"14":{"name":"(anonymous_14)","decl":{"start":{"line":90,"column":21},"end":{"line":90,"column":22}},"loc":{"start":{"line":90,"column":27},"end":{"line":92,"column":3}},"line":90},"15":{"name":"(anonymous_15)","decl":{"start":{"line":91,"column":27},"end":{"line":91,"column":28}},"loc":{"start":{"line":91,"column":54},"end":{"line":91,"column":71}},"line":91},"16":{"name":"(anonymous_16)","decl":{"start":{"line":99,"column":28},"end":{"line":99,"column":29}},"loc":{"start":{"line":100,"column":12},"end":{"line":106,"column":14}},"line":100},"17":{"name":"(anonymous_17)","decl":{"start":{"line":104,"column":23},"end":{"line":104,"column":24}},"loc":{"start":{"line":104,"column":29},"end":{"line":104,"column":56}},"line":104},"18":{"name":"(anonymous_18)","decl":{"start":{"line":113,"column":53},"end":{"line":113,"column":54}},"loc":{"start":{"line":113,"column":59},"end":{"line":113,"column":72}},"line":113}},"branchMap":{"0":{"loc":{"start":{"line":29,"column":4},"end":{"line":42,"column":5}},"type":"if","locations":[{"start":{"line":29,"column":4},"end":{"line":42,"column":5}},{"start":{},"end":{}}],"line":29},"1":{"loc":{"start":{"line":33,"column":6},"end":{"line":41,"column":7}},"type":"if","locations":[{"start":{"line":33,"column":6},"end":{"line":41,"column":7}},{"start":{},"end":{}}],"line":33},"2":{"loc":{"start":{"line":45,"column":4},"end":{"line":58,"column":5}},"type":"if","locations":[{"start":{"line":45,"column":4},"end":{"line":58,"column":5}},{"start":{},"end":{}}],"line":45},"3":{"loc":{"start":{"line":63,"column":4},"end":{"line":78,"column":5}},"type":"if","locations":[{"start":{"line":63,"column":4},"end":{"line":78,"column":5}},{"start":{"line":71,"column":11},"end":{"line":78,"column":5}}],"line":63}},"s":{"0":1,"1":9,"2":9,"3":9,"4":9,"5":13,"6":9,"7":9,"8":22,"9":9,"10":9,"11":9,"12":9,"13":9,"14":9,"15":4,"16":4,"17":4,"18":4,"19":4,"20":4,"21":4,"22":4,"23":4,"24":4,"25":2,"26":2,"27":2,"28":2,"29":2,"30":0,"31":9,"32":9,"33":1,"34":0,"35":9,"36":0,"37":0,"38":0,"39":0,"40":0,"41":0,"42":0,"43":0,"44":0,"45":0,"46":0,"47":0,"48":0,"49":9,"50":1,"51":1,"52":1,"53":1,"54":1,"55":1,"56":9,"57":9,"58":14,"59":9,"60":26,"61":4,"62":1,"63":1},"f":{"0":9,"1":9,"2":13,"3":22,"4":4,"5":4,"6":0,"7":9,"8":0,"9":0,"10":0,"11":0,"12":0,"13":1,"14":9,"15":14,"16":26,"17":4,"18":1},"b":{"0":[4,0],"1":[2,2],"2":[1,8],"3":[0,0]},"_coverageSchema":"1a1c01bbd47fc00a2c39e90264f33305004495a9","hash":"341c7cce51a9750b3a7b17d47711efcb0f2e6ead"}
}
