TN:
SF:src/components/common/ButtonClickable.js
FN:4,(anonymous_0)
FN:23,(anonymous_1)
FN:37,(anonymous_2)
FNF:3
FNH:3
FNDA:10,(anonymous_0)
FNDA:1,(anonymous_1)
FNDA:11,(anonymous_2)
DA:4,2
DA:5,10
DA:7,10
DA:9,10
DA:23,2
DA:24,1
DA:26,1
DA:28,1
DA:37,2
DA:38,11
DA:45,2
LF:11
LH:11
BRDA:38,0,0,1
BRDA:38,0,1,10
BRF:2
BRH:2
end_of_record
TN:
SF:src/components/common/Card.js
FN:6,(anonymous_0)
FNF:1
FNH:1
FNDA:27,(anonymous_0)
DA:6,2
DA:7,27
DA:21,2
LF:3
LH:3
BRF:0
BRH:0
end_of_record
TN:
SF:src/components/screens/Main.js
FN:6,(anonymous_0)
FN:10,(anonymous_1)
FN:11,(anonymous_2)
FN:17,(anonymous_3)
FN:24,(anonymous_4)
FN:31,(anonymous_5)
FN:38,(anonymous_6)
FN:44,(anonymous_7)
FN:52,(anonymous_8)
FN:62,(anonymous_9)
FN:67,(anonymous_10)
FN:68,(anonymous_11)
FN:75,(anonymous_12)
FN:81,(anonymous_13)
FN:90,(anonymous_14)
FN:91,(anonymous_15)
FN:99,(anonymous_16)
FN:104,(anonymous_17)
FN:113,(anonymous_18)
FNF:19
FNH:13
FNDA:9,(anonymous_0)
FNDA:9,(anonymous_1)
FNDA:13,(anonymous_2)
FNDA:22,(anonymous_3)
FNDA:4,(anonymous_4)
FNDA:4,(anonymous_5)
FNDA:0,(anonymous_6)
FNDA:9,(anonymous_7)
FNDA:0,(anonymous_8)
FNDA:0,(anonymous_9)
FNDA:0,(anonymous_10)
FNDA:0,(anonymous_11)
FNDA:0,(anonymous_12)
FNDA:1,(anonymous_13)
FNDA:9,(anonymous_14)
FNDA:14,(anonymous_15)
FNDA:26,(anonymous_16)
FNDA:4,(anonymous_17)
FNDA:1,(anonymous_18)
DA:6,1
DA:7,9
DA:8,9
DA:10,9
DA:11,9
DA:12,13
DA:16,9
DA:17,22
DA:18,9
DA:19,9
DA:20,9
DA:21,9
DA:22,9
DA:24,9
DA:25,4
DA:26,4
DA:27,4
DA:28,4
DA:29,4
DA:30,4
DA:31,4
DA:32,4
DA:33,4
DA:34,2
DA:35,2
DA:36,2
DA:37,2
DA:38,2
DA:39,0
DA:44,9
DA:45,9
DA:46,1
DA:53,0
DA:62,9
DA:63,0
DA:64,0
DA:65,0
DA:66,0
DA:67,0
DA:68,0
DA:69,0
DA:72,0
DA:73,0
DA:74,0
DA:75,0
DA:76,0
DA:81,9
DA:82,1
DA:83,1
DA:84,1
DA:85,1
DA:86,1
DA:87,1
DA:90,9
DA:91,14
DA:94,9
DA:100,26
DA:104,4
DA:113,1
DA:122,1
LF:60
LH:46
BRDA:29,0,0,4
BRDA:29,0,1,0
BRDA:33,1,0,2
BRDA:33,1,1,2
BRDA:45,2,0,1
BRDA:45,2,1,8
BRDA:63,3,0,0
BRDA:63,3,1,0
BRF:8
BRH:5
end_of_record
